============================= test session starts ==============================
platform linux -- Python 3.6.7, pytest-4.3.1, py-1.8.0, pluggy-0.9.0 -- /home/anmorgul/PycharmProjects/python_highlighter/venv/bin/python
cachedir: .pytest_cache
rootdir: /home/anmorgul/PycharmProjects/python_highlighter, inifile:
collecting ... collected 1 item

tests/test_highlighter.py::HighlightTest::test_markup_text PASSED        [100%]

=========================== 1 passed in 0.19 seconds ===========================
